  array_stack.cpp
  LinkedList.cpp
C:\Users\Elias\Documents\GitHub\Ball-Sort-Puzzle\BallPuzzle\BallPuzzle\LinkedList.h(5,10): warning C4067: unexpected tokens following preprocessor directive - expected a newline
C:\Users\Elias\Documents\GitHub\Ball-Sort-Puzzle\BallPuzzle\BallPuzzle\Element_stack.h(10,2): warning C4091: 'extern ': ignored on left of 'Element_stack' when no variable is declared
C:\Users\Elias\Documents\GitHub\Ball-Sort-Puzzle\BallPuzzle\BallPuzzle\Tube.h(11,2): warning C4091: 'extern ': ignored on left of 'Tube' when no variable is declared
C:\Users\Elias\Documents\GitHub\Ball-Sort-Puzzle\BallPuzzle\BallPuzzle\Queue.h(8,2): warning C4091: 'extern ': ignored on left of 'Queue' when no variable is declared
C:\Users\Elias\Documents\GitHub\Ball-Sort-Puzzle\BallPuzzle\BallPuzzle\QueueMovements.h(7,2): warning C4091: 'extern ': ignored on left of 'QueueMovements' when no variable is declared
C:\Users\Elias\Documents\GitHub\Ball-Sort-Puzzle\BallPuzzle\BallPuzzle\savedGame.h(7,2): warning C4091: 'extern ': ignored on left of 'savedGame' when no variable is declared
C:\Users\Elias\Documents\GitHub\Ball-Sort-Puzzle\BallPuzzle\BallPuzzle\LinkedList.cpp(311,41): warning C4553: '==': result of expression not used; did you intend '='?
C:\Users\Elias\Documents\GitHub\Ball-Sort-Puzzle\BallPuzzle\BallPuzzle\LinkedList.cpp(337,41): warning C4553: '==': result of expression not used; did you intend '='?
  main.cpp
C:\Users\Elias\Documents\GitHub\Ball-Sort-Puzzle\BallPuzzle\BallPuzzle\main.cpp(2,10): warning C4067: unexpected tokens following preprocessor directive - expected a newline
C:\Users\Elias\Documents\GitHub\Ball-Sort-Puzzle\BallPuzzle\BallPuzzle\main.cpp(3,10): warning C4067: unexpected tokens following preprocessor directive - expected a newline
C:\Users\Elias\Documents\GitHub\Ball-Sort-Puzzle\BallPuzzle\BallPuzzle\main.cpp(4,10): warning C4067: unexpected tokens following preprocessor directive - expected a newline
C:\Users\Elias\Documents\GitHub\Ball-Sort-Puzzle\BallPuzzle\BallPuzzle\main.cpp(5,10): warning C4067: unexpected tokens following preprocessor directive - expected a newline
C:\Users\Elias\Documents\GitHub\Ball-Sort-Puzzle\BallPuzzle\BallPuzzle\main.cpp(6,10): warning C4067: unexpected tokens following preprocessor directive - expected a newline
C:\Users\Elias\Documents\GitHub\Ball-Sort-Puzzle\BallPuzzle\BallPuzzle\LinkedList.h(5,10): warning C4067: unexpected tokens following preprocessor directive - expected a newline
C:\Users\Elias\Documents\GitHub\Ball-Sort-Puzzle\BallPuzzle\BallPuzzle\Element_stack.h(10,2): warning C4091: 'extern ': ignored on left of 'Element_stack' when no variable is declared
C:\Users\Elias\Documents\GitHub\Ball-Sort-Puzzle\BallPuzzle\BallPuzzle\Tube.h(11,2): warning C4091: 'extern ': ignored on left of 'Tube' when no variable is declared
C:\Users\Elias\Documents\GitHub\Ball-Sort-Puzzle\BallPuzzle\BallPuzzle\Queue.h(8,2): warning C4091: 'extern ': ignored on left of 'Queue' when no variable is declared
C:\Users\Elias\Documents\GitHub\Ball-Sort-Puzzle\BallPuzzle\BallPuzzle\QueueMovements.h(7,2): warning C4091: 'extern ': ignored on left of 'QueueMovements' when no variable is declared
C:\Users\Elias\Documents\GitHub\Ball-Sort-Puzzle\BallPuzzle\BallPuzzle\savedGame.h(7,2): warning C4091: 'extern ': ignored on left of 'savedGame' when no variable is declared
  _Level.cpp
C:\Users\Elias\Documents\GitHub\Ball-Sort-Puzzle\BallPuzzle\BallPuzzle\LinkedList.h(5,10): warning C4067: unexpected tokens following preprocessor directive - expected a newline
C:\Users\Elias\Documents\GitHub\Ball-Sort-Puzzle\BallPuzzle\BallPuzzle\Element_stack.h(10,2): warning C4091: 'extern ': ignored on left of 'Element_stack' when no variable is declared
C:\Users\Elias\Documents\GitHub\Ball-Sort-Puzzle\BallPuzzle\BallPuzzle\Tube.h(11,2): warning C4091: 'extern ': ignored on left of 'Tube' when no variable is declared
C:\Users\Elias\Documents\GitHub\Ball-Sort-Puzzle\BallPuzzle\BallPuzzle\Queue.h(8,2): warning C4091: 'extern ': ignored on left of 'Queue' when no variable is declared
C:\Users\Elias\Documents\GitHub\Ball-Sort-Puzzle\BallPuzzle\BallPuzzle\QueueMovements.h(7,2): warning C4091: 'extern ': ignored on left of 'QueueMovements' when no variable is declared
C:\Users\Elias\Documents\GitHub\Ball-Sort-Puzzle\BallPuzzle\BallPuzzle\savedGame.h(7,2): warning C4091: 'extern ': ignored on left of 'savedGame' when no variable is declared
C:\Users\Elias\Documents\GitHub\Ball-Sort-Puzzle\BallPuzzle\BallPuzzle\_Level.cpp(60,71): warning C4244: 'argument': conversion from 'double' to 'float', possible loss of data
C:\Users\Elias\Documents\GitHub\Ball-Sort-Puzzle\BallPuzzle\BallPuzzle\_Level.cpp(60,54): warning C4244: 'argument': conversion from 'double' to 'float', possible loss of data
C:\Users\Elias\Documents\GitHub\Ball-Sort-Puzzle\BallPuzzle\BallPuzzle\_Level.cpp(61,48): warning C4244: 'argument': conversion from 'double' to 'T', possible loss of data
          with
          [
              T=float
          ]
C:\Users\Elias\Documents\GitHub\Ball-Sort-Puzzle\BallPuzzle\BallPuzzle\_Level.cpp(61,42): warning C4244: 'argument': conversion from 'double' to 'T', possible loss of data
          with
          [
              T=float
          ]
C:\Users\Elias\Documents\GitHub\Ball-Sort-Puzzle\BallPuzzle\BallPuzzle\_Level.cpp(68,72): warning C4244: 'argument': conversion from 'double' to 'float', possible loss of data
C:\Users\Elias\Documents\GitHub\Ball-Sort-Puzzle\BallPuzzle\BallPuzzle\_Level.cpp(68,55): warning C4244: 'argument': conversion from 'double' to 'float', possible loss of data
C:\Users\Elias\Documents\GitHub\Ball-Sort-Puzzle\BallPuzzle\BallPuzzle\_Level.cpp(69,49): warning C4244: 'argument': conversion from 'double' to 'T', possible loss of data
          with
          [
              T=float
          ]
C:\Users\Elias\Documents\GitHub\Ball-Sort-Puzzle\BallPuzzle\BallPuzzle\_Level.cpp(69,43): warning C4244: 'argument': conversion from 'double' to 'T', possible loss of data
          with
          [
              T=float
          ]
C:\Users\Elias\Documents\GitHub\Ball-Sort-Puzzle\BallPuzzle\BallPuzzle\_Level.cpp(75,72): warning C4244: 'argument': conversion from 'double' to 'float', possible loss of data
C:\Users\Elias\Documents\GitHub\Ball-Sort-Puzzle\BallPuzzle\BallPuzzle\_Level.cpp(75,55): warning C4244: 'argument': conversion from 'double' to 'float', possible loss of data
C:\Users\Elias\Documents\GitHub\Ball-Sort-Puzzle\BallPuzzle\BallPuzzle\_Level.cpp(88,55): warning C4244: 'argument': conversion from 'int' to 'float', possible loss of data
C:\Users\Elias\Documents\GitHub\Ball-Sort-Puzzle\BallPuzzle\BallPuzzle\_Level.cpp(88,47): warning C4244: 'argument': conversion from 'double' to 'float', possible loss of data
  Options.cpp
C:\Users\Elias\Documents\GitHub\Ball-Sort-Puzzle\BallPuzzle\BallPuzzle\LinkedList.h(5,10): warning C4067: unexpected tokens following preprocessor directive - expected a newline
C:\Users\Elias\Documents\GitHub\Ball-Sort-Puzzle\BallPuzzle\BallPuzzle\Element_stack.h(10,2): warning C4091: 'extern ': ignored on left of 'Element_stack' when no variable is declared
C:\Users\Elias\Documents\GitHub\Ball-Sort-Puzzle\BallPuzzle\BallPuzzle\Tube.h(11,2): warning C4091: 'extern ': ignored on left of 'Tube' when no variable is declared
C:\Users\Elias\Documents\GitHub\Ball-Sort-Puzzle\BallPuzzle\BallPuzzle\Queue.h(8,2): warning C4091: 'extern ': ignored on left of 'Queue' when no variable is declared
C:\Users\Elias\Documents\GitHub\Ball-Sort-Puzzle\BallPuzzle\BallPuzzle\QueueMovements.h(7,2): warning C4091: 'extern ': ignored on left of 'QueueMovements' when no variable is declared
C:\Users\Elias\Documents\GitHub\Ball-Sort-Puzzle\BallPuzzle\BallPuzzle\savedGame.h(7,2): warning C4091: 'extern ': ignored on left of 'savedGame' when no variable is declared
C:\Users\Elias\Documents\GitHub\Ball-Sort-Puzzle\BallPuzzle\BallPuzzle\Options.cpp(52,29): warning C4244: 'argument': conversion from 'int' to 'float', possible loss of data
C:\Users\Elias\Documents\GitHub\Ball-Sort-Puzzle\BallPuzzle\BallPuzzle\Options.cpp(55,32): warning C4244: 'argument': conversion from 'int' to 'float', possible loss of data
C:\Users\Elias\Documents\GitHub\Ball-Sort-Puzzle\BallPuzzle\BallPuzzle\Options.cpp(59,29): warning C4244: 'argument': conversion from 'int' to 'float', possible loss of data
C:\Users\Elias\Documents\GitHub\Ball-Sort-Puzzle\BallPuzzle\BallPuzzle\Options.cpp(63,30): warning C4244: 'argument': conversion from 'int' to 'float', possible loss of data
C:\Users\Elias\Documents\GitHub\Ball-Sort-Puzzle\BallPuzzle\BallPuzzle\Options.cpp(66,27): warning C4244: 'argument': conversion from 'int' to 'float', possible loss of data
C:\Users\Elias\Documents\GitHub\Ball-Sort-Puzzle\BallPuzzle\BallPuzzle\Options.cpp(114,98): warning C4244: 'argument': conversion from 'T' to 'float', possible loss of data
          with
          [
              T=unsigned int
          ]
C:\Users\Elias\Documents\GitHub\Ball-Sort-Puzzle\BallPuzzle\BallPuzzle\Options.cpp(114,58): warning C4244: 'argument': conversion from 'T' to 'float', possible loss of data
          with
          [
              T=unsigned int
          ]
C:\Users\Elias\Documents\GitHub\Ball-Sort-Puzzle\BallPuzzle\BallPuzzle\Options.cpp(156,102): warning C4244: 'argument': conversion from 'T' to 'T', possible loss of data
          with
          [
              T=int
          ]
          and
          [
              T=float
          ]
C:\Users\Elias\Documents\GitHub\Ball-Sort-Puzzle\BallPuzzle\BallPuzzle\Options.cpp(156,85): warning C4244: 'argument': conversion from 'T' to 'T', possible loss of data
          with
          [
              T=int
          ]
          and
          [
              T=float
          ]
C:\Users\Elias\Documents\GitHub\Ball-Sort-Puzzle\BallPuzzle\BallPuzzle\Options.cpp(164,101): warning C4244: 'argument': conversion from 'T' to 'T', possible loss of data
          with
          [
              T=int
          ]
          and
          [
              T=float
          ]
C:\Users\Elias\Documents\GitHub\Ball-Sort-Puzzle\BallPuzzle\BallPuzzle\Options.cpp(164,84): warning C4244: 'argument': conversion from 'T' to 'T', possible loss of data
          with
          [
              T=int
          ]
          and
          [
              T=float
          ]
C:\Users\Elias\Documents\GitHub\Ball-Sort-Puzzle\BallPuzzle\BallPuzzle\Options.cpp(167,101): warning C4244: 'argument': conversion from 'T' to 'T', possible loss of data
          with
          [
              T=int
          ]
          and
          [
              T=float
          ]
C:\Users\Elias\Documents\GitHub\Ball-Sort-Puzzle\BallPuzzle\BallPuzzle\Options.cpp(167,84): warning C4244: 'argument': conversion from 'T' to 'T', possible loss of data
          with
          [
              T=int
          ]
          and
          [
              T=float
          ]
C:\Users\Elias\Documents\GitHub\Ball-Sort-Puzzle\BallPuzzle\BallPuzzle\Options.cpp(177,104): warning C4244: 'argument': conversion from 'T' to 'T', possible loss of data
          with
          [
              T=int
          ]
          and
          [
              T=float
          ]
C:\Users\Elias\Documents\GitHub\Ball-Sort-Puzzle\BallPuzzle\BallPuzzle\Options.cpp(177,87): warning C4244: 'argument': conversion from 'T' to 'T', possible loss of data
          with
          [
              T=int
          ]
          and
          [
              T=float
          ]
C:\Users\Elias\Documents\GitHub\Ball-Sort-Puzzle\BallPuzzle\BallPuzzle\Options.cpp(181,75): warning C4244: 'argument': conversion from 'T' to 'T', possible loss of data
          with
          [
              T=int
          ]
          and
          [
              T=float
          ]
C:\Users\Elias\Documents\GitHub\Ball-Sort-Puzzle\BallPuzzle\BallPuzzle\Options.cpp(181,58): warning C4244: 'argument': conversion from 'T' to 'T', possible loss of data
          with
          [
              T=int
          ]
          and
          [
              T=float
          ]
C:\Users\Elias\Documents\GitHub\Ball-Sort-Puzzle\BallPuzzle\BallPuzzle\Options.cpp(185,90): warning C4244: 'argument': conversion from 'T' to 'T', possible loss of data
          with
          [
              T=int
          ]
          and
          [
              T=float
          ]
C:\Users\Elias\Documents\GitHub\Ball-Sort-Puzzle\BallPuzzle\BallPuzzle\Options.cpp(185,73): warning C4244: 'argument': conversion from 'T' to 'T', possible loss of data
          with
          [
              T=int
          ]
          and
          [
              T=float
          ]
  SaveGame.cpp
C:\Users\Elias\Documents\GitHub\Ball-Sort-Puzzle\BallPuzzle\BallPuzzle\Queue.h(8,2): warning C4091: 'extern ': ignored on left of 'Queue' when no variable is declared
C:\Users\Elias\Documents\GitHub\Ball-Sort-Puzzle\BallPuzzle\BallPuzzle\SaveGame.cpp(24,90): warning C4244: 'argument': conversion from 'T' to 'float', possible loss of data
          with
          [
              T=unsigned int
          ]
C:\Users\Elias\Documents\GitHub\Ball-Sort-Puzzle\BallPuzzle\BallPuzzle\SaveGame.cpp(24,52): warning C4244: 'argument': conversion from 'T' to 'float', possible loss of data
          with
          [
              T=unsigned int
          ]
C:\Users\Elias\Documents\GitHub\Ball-Sort-Puzzle\BallPuzzle\BallPuzzle\SaveGame.cpp(68,73): warning C4244: 'argument': conversion from 'T' to 'T', possible loss of data
          with
          [
              T=int
          ]
          and
          [
              T=float
          ]
C:\Users\Elias\Documents\GitHub\Ball-Sort-Puzzle\BallPuzzle\BallPuzzle\SaveGame.cpp(68,56): warning C4244: 'argument': conversion from 'T' to 'T', possible loss of data
          with
          [
              T=int
          ]
          and
          [
              T=float
          ]
C:\Users\Elias\Documents\GitHub\Ball-Sort-Puzzle\BallPuzzle\BallPuzzle\SaveGame.cpp(74,74): warning C4244: 'argument': conversion from 'T' to 'T', possible loss of data
          with
          [
              T=int
          ]
          and
          [
              T=float
          ]
C:\Users\Elias\Documents\GitHub\Ball-Sort-Puzzle\BallPuzzle\BallPuzzle\SaveGame.cpp(74,57): warning C4244: 'argument': conversion from 'T' to 'T', possible loss of data
          with
          [
              T=int
          ]
          and
          [
              T=float
          ]
  space_stack.cpp
  stack.cpp
  _Main.cpp
C:\Users\Elias\Documents\GitHub\Ball-Sort-Puzzle\BallPuzzle\BallPuzzle\LinkedList.h(5,10): warning C4067: unexpected tokens following preprocessor directive - expected a newline
C:\Users\Elias\Documents\GitHub\Ball-Sort-Puzzle\BallPuzzle\BallPuzzle\Element_stack.h(10,2): warning C4091: 'extern ': ignored on left of 'Element_stack' when no variable is declared
C:\Users\Elias\Documents\GitHub\Ball-Sort-Puzzle\BallPuzzle\BallPuzzle\Tube.h(11,2): warning C4091: 'extern ': ignored on left of 'Tube' when no variable is declared
C:\Users\Elias\Documents\GitHub\Ball-Sort-Puzzle\BallPuzzle\BallPuzzle\Queue.h(8,2): warning C4091: 'extern ': ignored on left of 'Queue' when no variable is declared
C:\Users\Elias\Documents\GitHub\Ball-Sort-Puzzle\BallPuzzle\BallPuzzle\QueueMovements.h(7,2): warning C4091: 'extern ': ignored on left of 'QueueMovements' when no variable is declared
C:\Users\Elias\Documents\GitHub\Ball-Sort-Puzzle\BallPuzzle\BallPuzzle\savedGame.h(7,2): warning C4091: 'extern ': ignored on left of 'savedGame' when no variable is declared
C:\Users\Elias\Documents\GitHub\Ball-Sort-Puzzle\BallPuzzle\BallPuzzle\_Main.cpp(65,108): warning C4244: 'argument': conversion from 'T' to 'float', possible loss of data
          with
          [
              T=unsigned int
          ]
C:\Users\Elias\Documents\GitHub\Ball-Sort-Puzzle\BallPuzzle\BallPuzzle\_Main.cpp(65,64): warning C4244: 'argument': conversion from 'T' to 'float', possible loss of data
          with
          [
              T=unsigned int
          ]
C:\Users\Elias\Documents\GitHub\Ball-Sort-Puzzle\BallPuzzle\BallPuzzle\_Main.cpp(67,90): warning C4244: 'argument': conversion from 'T' to 'float', possible loss of data
          with
          [
              T=unsigned int
          ]
C:\Users\Elias\Documents\GitHub\Ball-Sort-Puzzle\BallPuzzle\BallPuzzle\_Main.cpp(67,52): warning C4244: 'argument': conversion from 'T' to 'float', possible loss of data
          with
          [
              T=unsigned int
          ]
C:\Users\Elias\Documents\GitHub\Ball-Sort-Puzzle\BallPuzzle\BallPuzzle\_Main.cpp(68,102): warning C4244: 'argument': conversion from 'T' to 'float', possible loss of data
          with
          [
              T=unsigned int
          ]
C:\Users\Elias\Documents\GitHub\Ball-Sort-Puzzle\BallPuzzle\BallPuzzle\_Main.cpp(68,60): warning C4244: 'argument': conversion from 'T' to 'float', possible loss of data
          with
          [
              T=unsigned int
          ]
C:\Users\Elias\Documents\GitHub\Ball-Sort-Puzzle\BallPuzzle\BallPuzzle\_Main.cpp(198,20): warning C4244: 'initializing': conversion from 'std::streamoff' to 'unsigned int', possible loss of data
C:\Users\Elias\Documents\GitHub\Ball-Sort-Puzzle\BallPuzzle\BallPuzzle\_Main.cpp(223,77): warning C4244: 'argument': conversion from 'T' to 'T', possible loss of data
          with
          [
              T=int
          ]
          and
          [
              T=float
          ]
C:\Users\Elias\Documents\GitHub\Ball-Sort-Puzzle\BallPuzzle\BallPuzzle\_Main.cpp(223,60): warning C4244: 'argument': conversion from 'T' to 'T', possible loss of data
          with
          [
              T=int
          ]
          and
          [
              T=float
          ]
C:\Users\Elias\Documents\GitHub\Ball-Sort-Puzzle\BallPuzzle\BallPuzzle\_Main.cpp(243,77): warning C4244: 'argument': conversion from 'T' to 'T', possible loss of data
          with
          [
              T=int
          ]
          and
          [
              T=float
          ]
C:\Users\Elias\Documents\GitHub\Ball-Sort-Puzzle\BallPuzzle\BallPuzzle\_Main.cpp(243,60): warning C4244: 'argument': conversion from 'T' to 'T', possible loss of data
          with
          [
              T=int
          ]
          and
          [
              T=float
          ]
C:\Users\Elias\Documents\GitHub\Ball-Sort-Puzzle\BallPuzzle\BallPuzzle\_Main.cpp(248,76): warning C4244: 'argument': conversion from 'T' to 'T', possible loss of data
          with
          [
              T=int
          ]
          and
          [
              T=float
          ]
C:\Users\Elias\Documents\GitHub\Ball-Sort-Puzzle\BallPuzzle\BallPuzzle\_Main.cpp(248,59): warning C4244: 'argument': conversion from 'T' to 'T', possible loss of data
          with
          [
              T=int
          ]
          and
          [
              T=float
          ]
C:\Users\Elias\Documents\GitHub\Ball-Sort-Puzzle\BallPuzzle\BallPuzzle\_Main.cpp(277,93): warning C4244: 'argument': conversion from 'T' to 'T', possible loss of data
          with
          [
              T=int
          ]
          and
          [
              T=float
          ]
C:\Users\Elias\Documents\GitHub\Ball-Sort-Puzzle\BallPuzzle\BallPuzzle\_Main.cpp(277,76): warning C4244: 'argument': conversion from 'T' to 'T', possible loss of data
          with
          [
              T=int
          ]
          and
          [
              T=float
          ]
C:\Users\Elias\Documents\GitHub\Ball-Sort-Puzzle\BallPuzzle\BallPuzzle\_Main.cpp(280,79): warning C4244: 'argument': conversion from 'T' to 'T', possible loss of data
          with
          [
              T=int
          ]
          and
          [
              T=float
          ]
C:\Users\Elias\Documents\GitHub\Ball-Sort-Puzzle\BallPuzzle\BallPuzzle\_Main.cpp(280,62): warning C4244: 'argument': conversion from 'T' to 'T', possible loss of data
          with
          [
              T=int
          ]
          and
          [
              T=float
          ]
C:\Users\Elias\Documents\GitHub\Ball-Sort-Puzzle\BallPuzzle\BallPuzzle\_Main.cpp(284,95): warning C4244: 'argument': conversion from 'T' to 'T', possible loss of data
          with
          [
              T=int
          ]
          and
          [
              T=float
          ]
C:\Users\Elias\Documents\GitHub\Ball-Sort-Puzzle\BallPuzzle\BallPuzzle\_Main.cpp(284,78): warning C4244: 'argument': conversion from 'T' to 'T', possible loss of data
          with
          [
              T=int
          ]
          and
          [
              T=float
          ]
C:\Users\Elias\Documents\GitHub\Ball-Sort-Puzzle\BallPuzzle\BallPuzzle\_Main.cpp(347,28): warning C4244: 'argument': conversion from 'int' to 'float', possible loss of data
C:\Users\Elias\Documents\GitHub\Ball-Sort-Puzzle\BallPuzzle\BallPuzzle\_Main.cpp(347,26): warning C4244: 'argument': conversion from 'int' to 'float', possible loss of data
  Generating Code...
  BallPuzzle.vcxproj -> C:\Users\Elias\Documents\GitHub\Ball-Sort-Puzzle\BallPuzzle\x64\Debug\BallPuzzle.exe
